<?xml version="1.0" encoding="UTF-8"?>
<testsuite xmlns:xsi="http://www.w3.org/2001/XMLSchema-instance" xsi:noNamespaceSchemaLocation="https://maven.apache.org/surefire/maven-surefire-plugin/xsd/surefire-test-report.xsd" name="za.co.wethinkcode.hangman.HangManTest" time="0.276" tests="6" errors="0" skipped="0" failures="0">
  <properties>
[...]
</properties>
  <testcase name="testRunHangman" classname="za.co.wethinkcode.hangman.HangManTest" time="0.1"/>
  <testcase name="testDrawFigure" classname="za.co.wethinkcode.hangman.HangManTest" time="0.026"/>
  <testcase name="testFillWord" classname="za.co.wethinkcode.hangman.HangManTest" time="0.005"/>
  <testcase name="testReplaceCorrect" classname="za.co.wethinkcode.hangman.HangManTest" time="0.038"/>
  <testcase name="testUserInput" classname="za.co.wethinkcode.hangman.HangManTest" time="0.019"/>
  <testcase name="testSelectWord" classname="za.co.wethinkcode.hangman.HangManTest" time="0.018"/>
</testsuite>